<?xml version="1.0" encoding="UTF-8"?>
<!-- Generated by org.testng.reporters.JUnitReportReporter -->
<testsuite skipped="0" hostname="icpl12219" name="test.SearchFlight" tests="1" failures="0" timestamp="01 Feb 2018 06:51:19 GMT" time="32.127" errors="0">
  <testcase name="testPuneToKolkata" time="32.127" classname="test.SearchFlight"/>
</testsuite> <!-- test.SearchFlight -->
